mode: set
aegis/sample_project/internal/notes/effects.go:5.39,17.2 1 1
aegis/sample_project/internal/notes/effects.go:19.44,41.2 1 1
aegis/sample_project/internal/notes/effects.go:43.41,56.2 3 1
aegis/sample_project/internal/notes/module.go:10.33,18.86 1 1
aegis/sample_project/internal/notes/module.go:18.86,19.25 1 1
aegis/sample_project/internal/notes/module.go:19.25,26.5 1 1
aegis/sample_project/internal/notes/module.go:27.4,27.59 1 1
aegis/sample_project/internal/notes/module.go:27.59,33.5 1 1
aegis/sample_project/internal/notes/module.go:34.4,39.10 1 0
aegis/sample_project/internal/notes/module.go:43.2,50.86 1 1
aegis/sample_project/internal/notes/module.go:50.86,51.25 1 1
aegis/sample_project/internal/notes/module.go:51.25,58.5 1 0
aegis/sample_project/internal/notes/module.go:59.4,59.49 1 1
aegis/sample_project/internal/notes/module.go:59.49,65.5 1 1
aegis/sample_project/internal/notes/module.go:66.4,71.10 1 1
aegis/sample_project/internal/notes/module.go:75.2,82.86 1 1
aegis/sample_project/internal/notes/module.go:82.86,83.39 1 1
aegis/sample_project/internal/notes/module.go:83.39,89.5 1 1
aegis/sample_project/internal/notes/module.go:91.4,92.24 2 1
aegis/sample_project/internal/notes/module.go:93.23,94.87 1 1
aegis/sample_project/internal/notes/module.go:95.56,96.86 1 1
aegis/sample_project/internal/notes/module.go:99.4,104.10 1 1
aegis/sample_project/internal/notes/module.go:108.2,115.86 1 1
aegis/sample_project/internal/notes/module.go:115.86,130.4 1 1
aegis/sample_project/internal/notes/module.go:133.2,174.103 2 1
aegis/sample_project/internal/notes/module.go:174.103,177.5 2 1
aegis/sample_project/internal/notes/module.go:192.105,195.5 2 1
aegis/sample_project/internal/notes/module.go:211.103,214.5 2 1
aegis/sample_project/internal/notes/module.go:229.103,232.5 2 1
aegis/sample_project/internal/notes/module.go:247.109,250.5 2 1
aegis/sample_project/internal/notes/module.go:254.2,261.3 1 1
aegis/sample_project/internal/notes/module.go:264.61,265.50 1 1
aegis/sample_project/internal/notes/module.go:266.25,270.4 1 1
aegis/sample_project/internal/notes/module.go:271.16,274.4 1 1
aegis/sample_project/internal/notes/module.go:275.10,278.4 1 1
aegis/sample_project/internal/notes/module.go:282.65,283.37 1 1
aegis/sample_project/internal/notes/module.go:283.37,284.38 1 1
aegis/sample_project/internal/notes/module.go:284.38,285.42 1 1
aegis/sample_project/internal/notes/module.go:285.42,287.5 1 1
aegis/sample_project/internal/notes/module.go:290.2,290.14 1 1
aegis/sample_project/internal/notes/module.go:293.39,307.2 1 1
aegis/sample_project/internal/notes/module.go:309.37,322.2 1 1
aegis/sample_project/internal/notes/module.go:324.36,337.2 1 1
aegis/sample_project/internal/notes/module.go:339.39,352.2 1 1
aegis/sample_project/internal/notes/module.go:354.39,368.2 1 1
aegis/sample_project/internal/notes/store.go:20.79,25.2 1 1
aegis/sample_project/internal/notes/store.go:27.84,29.16 2 1
aegis/sample_project/internal/notes/store.go:29.16,31.3 1 0
aegis/sample_project/internal/notes/store.go:33.2,34.18 2 1
aegis/sample_project/internal/notes/store.go:34.18,36.3 1 0
aegis/sample_project/internal/notes/store.go:37.2,37.31 1 1
aegis/sample_project/internal/notes/store.go:37.31,39.3 1 0
aegis/sample_project/internal/notes/store.go:41.2,52.81 3 1
aegis/sample_project/internal/notes/store.go:52.81,54.3 1 0
aegis/sample_project/internal/notes/store.go:56.2,58.74 3 1
aegis/sample_project/internal/notes/store.go:58.74,60.3 1 0
aegis/sample_project/internal/notes/store.go:62.2,62.35 1 1
aegis/sample_project/internal/notes/store.go:65.67,67.16 2 1
aegis/sample_project/internal/notes/store.go:67.16,69.3 1 0
aegis/sample_project/internal/notes/store.go:70.2,71.44 2 1
aegis/sample_project/internal/notes/store.go:74.73,76.16 2 1
aegis/sample_project/internal/notes/store.go:76.16,78.3 1 0
aegis/sample_project/internal/notes/store.go:79.2,79.34 1 1
aegis/sample_project/internal/notes/store.go:82.84,84.16 2 1
aegis/sample_project/internal/notes/store.go:84.16,86.3 1 0
aegis/sample_project/internal/notes/store.go:88.2,93.87 5 1
aegis/sample_project/internal/notes/store.go:93.87,95.3 1 0
aegis/sample_project/internal/notes/store.go:97.2,98.16 2 1
aegis/sample_project/internal/notes/store.go:98.16,100.3 1 0
aegis/sample_project/internal/notes/store.go:101.2,103.74 3 1
aegis/sample_project/internal/notes/store.go:103.74,105.3 1 0
aegis/sample_project/internal/notes/store.go:107.2,107.36 1 1
aegis/sample_project/internal/notes/store.go:110.82,111.56 1 1
aegis/sample_project/internal/notes/store.go:111.56,113.3 1 0
aegis/sample_project/internal/notes/store.go:114.2,114.64 1 1
aegis/sample_project/internal/notes/store.go:114.64,116.3 1 0
aegis/sample_project/internal/notes/store.go:118.2,119.16 2 1
aegis/sample_project/internal/notes/store.go:119.16,121.3 1 0
aegis/sample_project/internal/notes/store.go:122.2,123.74 2 1
aegis/sample_project/internal/notes/store.go:123.74,125.3 1 0
aegis/sample_project/internal/notes/store.go:127.2,127.49 1 1
aegis/sample_project/internal/notes/store.go:130.51,131.42 1 1
aegis/sample_project/internal/notes/store.go:131.42,133.3 1 1
aegis/sample_project/internal/notes/store.go:134.2,134.44 1 1
aegis/sample_project/internal/notes/store.go:134.44,136.3 1 0
aegis/sample_project/internal/notes/store.go:137.2,137.47 1 1
aegis/sample_project/internal/notes/store.go:137.47,139.3 1 0
aegis/sample_project/internal/notes/store.go:140.2,140.12 1 1
aegis/sample_project/internal/notes/store.go:143.51,144.29 1 1
aegis/sample_project/internal/notes/store.go:144.29,146.3 1 1
aegis/sample_project/internal/notes/store.go:147.2,147.42 1 1
aegis/sample_project/internal/notes/store.go:147.42,149.3 1 1
aegis/sample_project/internal/notes/store.go:150.2,150.44 1 1
aegis/sample_project/internal/notes/store.go:150.44,152.3 1 1
aegis/sample_project/internal/notes/store.go:153.2,153.12 1 1
aegis/sample_project/internal/notes/store.go:156.51,157.29 1 1
aegis/sample_project/internal/notes/store.go:157.29,159.3 1 1
aegis/sample_project/internal/notes/store.go:160.2,160.12 1 1
aegis/sample_project/internal/notes/store.go:163.83,166.16 3 1
aegis/sample_project/internal/notes/store.go:166.16,167.82 1 1
aegis/sample_project/internal/notes/store.go:167.82,169.4 1 1
aegis/sample_project/internal/notes/store.go:170.3,170.22 1 0
aegis/sample_project/internal/notes/store.go:172.2,172.24 1 1
aegis/sample_project/internal/notes/store.go:172.24,174.3 1 0
aegis/sample_project/internal/notes/store.go:175.2,175.19 1 1
aegis/sample_project/internal/notes/store.go:178.92,180.71 2 1
aegis/sample_project/internal/notes/store.go:180.71,182.3 1 0
aegis/sample_project/internal/notes/store.go:183.2,183.17 1 1
aegis/sample_project/internal/notes/store.go:186.95,188.16 2 1
aegis/sample_project/internal/notes/store.go:188.16,190.3 1 1
aegis/sample_project/internal/notes/store.go:191.2,191.34 1 1
aegis/sample_project/internal/notes/store.go:194.98,196.16 2 1
aegis/sample_project/internal/notes/store.go:196.16,198.3 1 0
aegis/sample_project/internal/notes/store.go:199.2,199.39 1 1
aegis/sample_project/internal/notes/store.go:202.46,203.35 1 1
aegis/sample_project/internal/notes/store.go:203.35,204.20 1 1
aegis/sample_project/internal/notes/store.go:204.20,206.4 1 1
aegis/sample_project/internal/notes/store.go:208.2,208.14 1 1
aegis/sample_project/internal/notes/store.go:211.68,212.37 1 1
aegis/sample_project/internal/notes/store.go:212.37,213.28 1 1
aegis/sample_project/internal/notes/store.go:213.28,216.4 2 1
aegis/sample_project/internal/notes/store.go:218.2,218.35 1 0
aegis/sample_project/internal/notes/store.go:221.62,223.33 2 1
aegis/sample_project/internal/notes/store.go:223.33,224.20 1 1
aegis/sample_project/internal/notes/store.go:224.20,225.12 1 1
aegis/sample_project/internal/notes/store.go:227.3,227.36 1 1
aegis/sample_project/internal/notes/store.go:229.2,229.17 1 1
aegis/sample_project/internal/notes/store.go:232.32,240.2 1 1
aegis/sample_project/internal/notes/store.go:242.33,243.40 1 1
aegis/sample_project/internal/notes/store.go:243.40,245.3 1 1
aegis/sample_project/internal/notes/store.go:248.29,250.2 1 1
aegis/sample_project/internal/notes/store.go:252.37,254.2 1 1
aegis/sample_project/internal/notes/store.go:256.35,258.14 2 1
aegis/sample_project/internal/notes/store.go:258.14,260.3 1 0
aegis/sample_project/internal/notes/store.go:261.2,261.26 1 1
aegis/sample_project/internal/notes/store.go:261.26,262.10 1 1
aegis/sample_project/internal/notes/store.go:263.35,263.35 0 1
aegis/sample_project/internal/notes/store.go:264.35,264.35 0 0
aegis/sample_project/internal/notes/store.go:265.35,265.35 0 1
aegis/sample_project/internal/notes/store.go:266.33,266.33 0 1
aegis/sample_project/internal/notes/store.go:267.11,268.16 1 1
aegis/sample_project/internal/notes/store.go:271.2,271.13 1 1
aegis/sample_project/internal/notes/store.go:274.39,276.2 1 1
aegis/sample_project/internal/httpapi/request.go:15.109,23.16 7 1
aegis/sample_project/internal/httpapi/request.go:23.16,25.3 1 0
aegis/sample_project/internal/httpapi/request.go:26.2,47.87 9 1
aegis/sample_project/internal/httpapi/request.go:47.87,49.3 1 1
aegis/sample_project/internal/httpapi/request.go:50.2,50.17 1 1
aegis/sample_project/internal/httpapi/request.go:53.105,55.16 2 1
aegis/sample_project/internal/httpapi/request.go:55.16,57.3 1 0
aegis/sample_project/internal/httpapi/request.go:58.2,58.35 1 1
aegis/sample_project/internal/httpapi/request.go:58.35,60.3 1 1
aegis/sample_project/internal/httpapi/request.go:61.2,61.17 1 1
aegis/sample_project/internal/httpapi/request.go:64.76,65.35 1 1
aegis/sample_project/internal/httpapi/request.go:65.35,67.3 1 1
aegis/sample_project/internal/httpapi/request.go:68.2,74.14 2 1
aegis/sample_project/internal/httpapi/request.go:77.46,79.2 1 1
aegis/sample_project/internal/httpapi/request.go:81.25,83.2 1 1
aegis/sample_project/internal/httpapi/request.go:85.39,87.2 1 1
aegis/sample_project/internal/httpapi/request.go:89.45,90.31 1 1
aegis/sample_project/internal/httpapi/request.go:90.31,91.37 1 1
aegis/sample_project/internal/httpapi/request.go:91.37,93.4 1 1
aegis/sample_project/internal/httpapi/request.go:95.2,95.11 1 1
aegis/sample_project/internal/httpapi/request.go:98.34,99.51 1 1
aegis/sample_project/internal/httpapi/request.go:100.37,101.14 1 1
aegis/sample_project/internal/httpapi/request.go:102.10,103.15 1 1
aegis/sample_project/internal/httpapi/response.go:10.80,21.2 2 1
aegis/sample_project/internal/httpapi/response.go:23.76,25.2 1 1
aegis/sample_project/internal/httpapi/response.go:27.86,29.33 2 1
aegis/sample_project/internal/httpapi/response.go:30.14,31.23 1 1
aegis/sample_project/internal/httpapi/response.go:32.14,33.15 1 0
aegis/sample_project/internal/httpapi/response.go:34.10,35.92 1 0
aegis/sample_project/internal/httpapi/response.go:38.2,41.12 4 1
aegis/sample_project/internal/httpapi/server.go:22.38,24.2 1 1
aegis/sample_project/internal/httpapi/server.go:26.40,44.2 15 1
aegis/sample_project/internal/httpapi/server.go:46.81,76.2 1 1
aegis/sample_project/internal/httpapi/server.go:78.83,83.16 2 1
aegis/sample_project/internal/httpapi/server.go:83.16,85.3 1 0
aegis/sample_project/internal/httpapi/server.go:87.2,93.8 1 1
aegis/sample_project/internal/httpapi/server.go:96.87,100.16 2 1
aegis/sample_project/internal/httpapi/server.go:100.16,102.3 1 0
aegis/sample_project/internal/httpapi/server.go:103.2,103.47 1 1
aegis/sample_project/internal/httpapi/server.go:106.85,110.2 1 1
aegis/sample_project/internal/httpapi/server.go:112.85,116.16 2 1
aegis/sample_project/internal/httpapi/server.go:116.16,118.3 1 0
aegis/sample_project/internal/httpapi/server.go:119.2,119.44 1 1
aegis/sample_project/internal/httpapi/server.go:122.93,124.16 2 1
aegis/sample_project/internal/httpapi/server.go:124.16,126.3 1 0
aegis/sample_project/internal/httpapi/server.go:127.2,127.48 1 1
aegis/sample_project/internal/httpapi/server.go:130.83,134.16 2 1
aegis/sample_project/internal/httpapi/server.go:134.16,136.3 1 0
aegis/sample_project/internal/httpapi/server.go:137.2,137.55 1 1
aegis/sample_project/internal/httpapi/server.go:137.55,139.3 1 0
aegis/sample_project/internal/httpapi/server.go:140.2,140.21 1 1
aegis/sample_project/internal/httpapi/server.go:143.98,145.16 2 1
aegis/sample_project/internal/httpapi/server.go:145.16,147.3 1 0
aegis/sample_project/internal/httpapi/server.go:149.2,153.8 1 1
aegis/sample_project/internal/httpapi/server.go:156.227,164.28 2 1
aegis/sample_project/internal/httpapi/server.go:164.28,166.3 1 1
aegis/sample_project/internal/httpapi/server.go:167.2,167.41 1 1
aegis/sample_project/internal/httpapi/server.go:170.196,172.2 1 1
aegis/sample_project/internal/httpapi/server.go:174.129,183.2 1 1
aegis/sample_project/internal/httpapi/server.go:185.73,193.2 2 1
aegis/sample_project/internal/httpapi/server.go:195.74,197.16 2 1
aegis/sample_project/internal/httpapi/server.go:197.16,199.3 1 1
aegis/sample_project/internal/httpapi/server.go:201.2,202.47 2 1
aegis/sample_project/internal/httpapi/server.go:202.47,208.3 1 1
aegis/sample_project/internal/httpapi/server.go:209.2,209.19 1 1
aegis/sample_project/internal/httpapi/server.go:212.70,214.2 1 1
aegis/sample_project/internal/httpapi/server.go:216.70,218.16 2 1
aegis/sample_project/internal/httpapi/server.go:218.16,220.3 1 1
aegis/sample_project/internal/httpapi/server.go:221.2,222.19 2 1
aegis/sample_project/main.go:14.13,18.16 3 0
aegis/sample_project/main.go:18.16,20.3 1 0
aegis/sample_project/main.go:22.2,22.61 1 0
aegis/sample_project/main.go:22.61,24.3 1 0
aegis/sample_project/main.go:26.2,40.89 9 0
aegis/sample_project/main.go:40.89,42.3 1 0
aegis/sample_project/internal/app/app.go:22.44,23.19 1 1
aegis/sample_project/internal/app/app.go:23.19,25.3 1 0
aegis/sample_project/internal/app/app.go:27.2,28.16 2 1
aegis/sample_project/internal/app/app.go:28.16,30.3 1 0
aegis/sample_project/internal/app/app.go:32.2,36.8 1 1
aegis/sample_project/internal/app/app.go:39.38,41.2 1 1
aegis/sample_project/internal/app/app.go:43.36,45.2 1 1
aegis/sample_project/internal/app/app.go:47.36,51.2 3 1
aegis/sample_project/internal/app/app.go:53.46,57.2 1 1
aegis/sample_project/internal/app/app.go:59.96,61.31 2 1
aegis/sample_project/internal/app/app.go:61.31,63.3 1 1
aegis/sample_project/internal/app/app.go:65.2,65.106 1 1
aegis/sample_project/internal/app/app.go:65.106,67.3 1 0
aegis/sample_project/internal/app/app.go:69.2,73.51 4 1
aegis/sample_project/internal/app/app.go:73.51,75.3 1 0
aegis/sample_project/internal/app/app.go:77.2,80.4 1 1
aegis/sample_project/internal/app/config.go:22.48,24.17 2 1
aegis/sample_project/internal/app/config.go:24.17,26.3 1 1
aegis/sample_project/internal/app/config.go:27.2,27.14 1 1
aegis/sample_project/internal/app/config.go:30.47,32.2 1 1
aegis/sample_project/internal/app/config.go:34.43,35.36 1 1
aegis/sample_project/internal/app/config.go:36.45,37.14 1 1
aegis/sample_project/internal/app/config.go:38.10,39.15 1 1
aegis/sample_project/internal/app/kernel.go:11.54,13.56 2 1
aegis/sample_project/internal/app/kernel.go:13.56,15.3 1 0
aegis/sample_project/internal/app/kernel.go:17.2,27.10 1 1
aegis/sample_project/internal/app/kernel.go:30.62,31.36 1 1
aegis/sample_project/internal/app/kernel.go:32.25,51.4 1 1
aegis/sample_project/internal/app/kernel.go:52.10,59.4 1 1
aegis/sample_project/internal/app/kernel.go:63.63,84.2 1 1
